<?xml version="1.0" encoding="UTF-8"?>
<!-- Generated by org.testng.reporters.JUnitReportReporter -->
<testsuite hostname="DESKTOP-A48AID3" failures="0" tests="1" name="SL_Test.TC_02_ProductTest" time="25.622" errors="0" timestamp="2024-09-05T17:47:19 IST" skipped="0">
  <testcase classname="SL_Test.TC_02_ProductTest" name="TC_02_ProductTest" time="25.622"/>
</testsuite> <!-- SL_Test.TC_02_ProductTest -->
