<?xml version="1.0" encoding="UTF-8"?>
<!-- Generated by org.testng.reporters.JUnitReportReporter -->
<testsuite hostname="DESKTOP-A48AID3" failures="0" tests="6" name="SL_Test.TC_01_Login" time="109.956" errors="0" timestamp="2024-09-05T11:37:09 IST" skipped="0">
  <testcase classname="SL_Test.TC_01_Login" name="TC_01_Login" time="17.685"/>
  <testcase classname="SL_Test.TC_01_Login" name="TC_01_Login" time="14.949"/>
  <testcase classname="SL_Test.TC_01_Login" name="TC_01_Login" time="26.998"/>
  <testcase classname="SL_Test.TC_01_Login" name="TC_01_Login" time="19.269"/>
  <testcase classname="SL_Test.TC_01_Login" name="TC_01_Login" time="16.621"/>
  <testcase classname="SL_Test.TC_01_Login" name="TC_01_Login" time="14.434"/>
</testsuite> <!-- SL_Test.TC_01_Login -->
