<?xml version="1.0" encoding="UTF-8"?>
<!-- Generated by org.testng.reporters.JUnitReportReporter -->
<testsuite hostname="DESKTOP-A48AID3" failures="0" tests="1" name="SL_Test.TC_04_CartPageTest" time="19.827" errors="0" timestamp="2024-09-05T17:48:44 IST" skipped="0">
  <testcase classname="SL_Test.TC_04_CartPageTest" name="TC_03_ChekoutTest" time="19.827"/>
</testsuite> <!-- SL_Test.TC_04_CartPageTest -->
