<?xml version="1.0" encoding="UTF-8"?>
<!-- Generated by org.testng.reporters.JUnitReportReporter -->
<testsuite hostname="DESKTOP-A48AID3" failures="0" tests="1" name="SL_Test.TC_03_ChekoutTest" time="18.999" errors="0" timestamp="2024-09-05T17:48:06 IST" skipped="0">
  <testcase classname="SL_Test.TC_03_ChekoutTest" name="TC_03_ChekoutTest" time="18.999"/>
</testsuite> <!-- SL_Test.TC_03_ChekoutTest -->
